[0.520s] Invoking command in '/home/pranav/ros2_ws/src/my_pkg': PYTHONPATH=/home/pranav/ros2_ws/src/build/my_pkg/prefix_override:/usr/lib/python3/dist-packages/colcon_core/task/python/colcon_distutils_commands:/home/pranav/ros2_ws/src/install/my_pkg/lib/python3.10/site-packages:${PYTHONPATH} /usr/bin/python3 -W ignore:setup.py install is deprecated -W ignore:easy_install command is deprecated setup.py egg_info --egg-base ../build/my_pkg build --build-base /home/pranav/ros2_ws/src/build/my_pkg/build install --record /home/pranav/ros2_ws/src/build/my_pkg/install.log --single-version-externally-managed install_data
[0.613s] running egg_info
[0.613s] creating ../build/my_pkg/my_pkg.egg-info
[0.614s] writing ../build/my_pkg/my_pkg.egg-info/PKG-INFO
[0.615s] writing dependency_links to ../build/my_pkg/my_pkg.egg-info/dependency_links.txt
[0.615s] writing entry points to ../build/my_pkg/my_pkg.egg-info/entry_points.txt
[0.615s] writing requirements to ../build/my_pkg/my_pkg.egg-info/requires.txt
[0.615s] writing top-level names to ../build/my_pkg/my_pkg.egg-info/top_level.txt
[0.615s] writing manifest file '../build/my_pkg/my_pkg.egg-info/SOURCES.txt'
[0.616s] reading manifest file '../build/my_pkg/my_pkg.egg-info/SOURCES.txt'
[0.616s] writing manifest file '../build/my_pkg/my_pkg.egg-info/SOURCES.txt'
[0.616s] running build
[0.616s] running build_py
[0.616s] creating /home/pranav/ros2_ws/src/build/my_pkg/build
[0.616s] creating /home/pranav/ros2_ws/src/build/my_pkg/build/lib
[0.616s] creating /home/pranav/ros2_ws/src/build/my_pkg/build/lib/my_pkg
[0.616s] copying my_pkg/__init__.py -> /home/pranav/ros2_ws/src/build/my_pkg/build/lib/my_pkg
[0.616s] running install
[0.616s] running install_lib
[0.616s] creating /home/pranav/ros2_ws/src/install/my_pkg/lib/python3.10/site-packages/my_pkg
[0.616s] copying /home/pranav/ros2_ws/src/build/my_pkg/build/lib/my_pkg/__init__.py -> /home/pranav/ros2_ws/src/install/my_pkg/lib/python3.10/site-packages/my_pkg
[0.617s] byte-compiling /home/pranav/ros2_ws/src/install/my_pkg/lib/python3.10/site-packages/my_pkg/__init__.py to __init__.cpython-310.pyc
[0.617s] running install_data
[0.617s] creating /home/pranav/ros2_ws/src/install/my_pkg/share/ament_index
[0.617s] creating /home/pranav/ros2_ws/src/install/my_pkg/share/ament_index/resource_index
[0.617s] creating /home/pranav/ros2_ws/src/install/my_pkg/share/ament_index/resource_index/packages
[0.617s] copying resource/my_pkg -> /home/pranav/ros2_ws/src/install/my_pkg/share/ament_index/resource_index/packages
[0.617s] copying package.xml -> /home/pranav/ros2_ws/src/install/my_pkg/share/my_pkg
[0.617s] running install_egg_info
[0.618s] Copying ../build/my_pkg/my_pkg.egg-info to /home/pranav/ros2_ws/src/install/my_pkg/lib/python3.10/site-packages/my_pkg-0.0.0-py3.10.egg-info
[0.618s] running install_scripts
[0.626s] writing list of installed files to '/home/pranav/ros2_ws/src/build/my_pkg/install.log'
[0.653s] Invoked command in '/home/pranav/ros2_ws/src/my_pkg' returned '0': PYTHONPATH=/home/pranav/ros2_ws/src/build/my_pkg/prefix_override:/usr/lib/python3/dist-packages/colcon_core/task/python/colcon_distutils_commands:/home/pranav/ros2_ws/src/install/my_pkg/lib/python3.10/site-packages:${PYTHONPATH} /usr/bin/python3 -W ignore:setup.py install is deprecated -W ignore:easy_install command is deprecated setup.py egg_info --egg-base ../build/my_pkg build --build-base /home/pranav/ros2_ws/src/build/my_pkg/build install --record /home/pranav/ros2_ws/src/build/my_pkg/install.log --single-version-externally-managed install_data
