[0.436s] Invoking command in '/home/pranav/ros2_ws/src/my_robot_description': PYTHONPATH=/home/pranav/ros2_ws/src/build/my_robot_description/prefix_override:/usr/lib/python3/dist-packages/colcon_core/task/python/colcon_distutils_commands:/home/pranav/ros2_ws/src/install/my_robot_description/lib/python3.10/site-packages:${PYTHONPATH} /usr/bin/python3 -W ignore:setup.py install is deprecated -W ignore:easy_install command is deprecated setup.py egg_info --egg-base ../build/my_robot_description build --build-base /home/pranav/ros2_ws/src/build/my_robot_description/build install --record /home/pranav/ros2_ws/src/build/my_robot_description/install.log --single-version-externally-managed install_data
[0.530s] running egg_info
[0.530s] writing ../build/my_robot_description/my_robot_description.egg-info/PKG-INFO
[0.531s] writing dependency_links to ../build/my_robot_description/my_robot_description.egg-info/dependency_links.txt
[0.531s] writing entry points to ../build/my_robot_description/my_robot_description.egg-info/entry_points.txt
[0.531s] writing requirements to ../build/my_robot_description/my_robot_description.egg-info/requires.txt
[0.531s] writing top-level names to ../build/my_robot_description/my_robot_description.egg-info/top_level.txt
[0.533s] reading manifest file '../build/my_robot_description/my_robot_description.egg-info/SOURCES.txt'
[0.533s] writing manifest file '../build/my_robot_description/my_robot_description.egg-info/SOURCES.txt'
[0.533s] running build
[0.533s] running build_py
[0.533s] running install
[0.533s] running install_lib
[0.534s] running install_data
[0.534s] copying launch/display.launch.py -> /home/pranav/ros2_ws/src/install/my_robot_description/share/my_robot_description/launch
[0.534s] running install_egg_info
[0.535s] removing '/home/pranav/ros2_ws/src/install/my_robot_description/lib/python3.10/site-packages/my_robot_description-0.0.0-py3.10.egg-info' (and everything under it)
[0.535s] Copying ../build/my_robot_description/my_robot_description.egg-info to /home/pranav/ros2_ws/src/install/my_robot_description/lib/python3.10/site-packages/my_robot_description-0.0.0-py3.10.egg-info
[0.535s] running install_scripts
[0.544s] Installing swerve_controller script to /home/pranav/ros2_ws/src/install/my_robot_description/lib/my_robot_description
[0.544s] writing list of installed files to '/home/pranav/ros2_ws/src/build/my_robot_description/install.log'
[0.564s] Invoked command in '/home/pranav/ros2_ws/src/my_robot_description' returned '0': PYTHONPATH=/home/pranav/ros2_ws/src/build/my_robot_description/prefix_override:/usr/lib/python3/dist-packages/colcon_core/task/python/colcon_distutils_commands:/home/pranav/ros2_ws/src/install/my_robot_description/lib/python3.10/site-packages:${PYTHONPATH} /usr/bin/python3 -W ignore:setup.py install is deprecated -W ignore:easy_install command is deprecated setup.py egg_info --egg-base ../build/my_robot_description build --build-base /home/pranav/ros2_ws/src/build/my_robot_description/build install --record /home/pranav/ros2_ws/src/build/my_robot_description/install.log --single-version-externally-managed install_data
