/home/pranav/ros2_ws/src/install/my_robot_description/lib/python3.10/site-packages/my_robot_description/__init__.py
/home/pranav/ros2_ws/src/install/my_robot_description/lib/python3.10/site-packages/my_robot_description/swerve_controller.py
/home/pranav/ros2_ws/src/install/my_robot_description/lib/python3.10/site-packages/my_robot_description/__pycache__/__init__.cpython-310.pyc
/home/pranav/ros2_ws/src/install/my_robot_description/lib/python3.10/site-packages/my_robot_description/__pycache__/swerve_controller.cpython-310.pyc
/home/pranav/ros2_ws/src/install/my_robot_description/share/ament_index/resource_index/packages/my_robot_description
/home/pranav/ros2_ws/src/install/my_robot_description/share/my_robot_description/package.xml
/home/pranav/ros2_ws/src/install/my_robot_description/share/my_robot_description/launch/display.launch.py
/home/pranav/ros2_ws/src/install/my_robot_description/share/my_robot_description/urdf/my_robot.urdf.xacro
/home/pranav/ros2_ws/src/install/my_robot_description/share/my_robot_description/urdf/common_properties.xacro
/home/pranav/ros2_ws/src/install/my_robot_description/share/my_robot_description/urdf/mobile_base.xacro
/home/pranav/ros2_ws/src/install/my_robot_description/share/my_robot_description/config/controllers.yaml
/home/pranav/ros2_ws/src/install/my_robot_description/share/my_robot_description/rviz/urdf_config.rviz
/home/pranav/ros2_ws/src/install/my_robot_description/lib/python3.10/site-packages/my_robot_description-0.0.0-py3.10.egg-info/requires.txt
/home/pranav/ros2_ws/src/install/my_robot_description/lib/python3.10/site-packages/my_robot_description-0.0.0-py3.10.egg-info/SOURCES.txt
/home/pranav/ros2_ws/src/install/my_robot_description/lib/python3.10/site-packages/my_robot_description-0.0.0-py3.10.egg-info/zip-safe
/home/pranav/ros2_ws/src/install/my_robot_description/lib/python3.10/site-packages/my_robot_description-0.0.0-py3.10.egg-info/top_level.txt
/home/pranav/ros2_ws/src/install/my_robot_description/lib/python3.10/site-packages/my_robot_description-0.0.0-py3.10.egg-info/dependency_links.txt
/home/pranav/ros2_ws/src/install/my_robot_description/lib/python3.10/site-packages/my_robot_description-0.0.0-py3.10.egg-info/entry_points.txt
/home/pranav/ros2_ws/src/install/my_robot_description/lib/python3.10/site-packages/my_robot_description-0.0.0-py3.10.egg-info/PKG-INFO
/home/pranav/ros2_ws/src/install/my_robot_description/lib/my_robot_description/swerve_controller
