[0.510s] Invoking command in '/home/pranav/ros2_ws/src/my_robot_description': PYTHONPATH=/home/pranav/ros2_ws/src/build/my_robot_description/prefix_override:/usr/lib/python3/dist-packages/colcon_core/task/python/colcon_distutils_commands:/home/pranav/ros2_ws/src/install/my_robot_description/lib/python3.10/site-packages:${PYTHONPATH} /usr/bin/python3 -W ignore:setup.py install is deprecated -W ignore:easy_install command is deprecated setup.py egg_info --egg-base ../build/my_robot_description build --build-base /home/pranav/ros2_ws/src/build/my_robot_description/build install --record /home/pranav/ros2_ws/src/build/my_robot_description/install.log --single-version-externally-managed install_data
[0.605s] running egg_info
[0.605s] creating ../build/my_robot_description/my_robot_description.egg-info
[0.605s] writing ../build/my_robot_description/my_robot_description.egg-info/PKG-INFO
[0.605s] writing dependency_links to ../build/my_robot_description/my_robot_description.egg-info/dependency_links.txt
[0.605s] writing entry points to ../build/my_robot_description/my_robot_description.egg-info/entry_points.txt
[0.605s] writing requirements to ../build/my_robot_description/my_robot_description.egg-info/requires.txt
[0.605s] writing top-level names to ../build/my_robot_description/my_robot_description.egg-info/top_level.txt
[0.605s] writing manifest file '../build/my_robot_description/my_robot_description.egg-info/SOURCES.txt'
[0.606s] reading manifest file '../build/my_robot_description/my_robot_description.egg-info/SOURCES.txt'
[0.607s] writing manifest file '../build/my_robot_description/my_robot_description.egg-info/SOURCES.txt'
[0.607s] running build
[0.607s] running build_py
[0.607s] creating /home/pranav/ros2_ws/src/build/my_robot_description/build
[0.607s] creating /home/pranav/ros2_ws/src/build/my_robot_description/build/lib
[0.607s] creating /home/pranav/ros2_ws/src/build/my_robot_description/build/lib/my_robot_description
[0.607s] copying my_robot_description/__init__.py -> /home/pranav/ros2_ws/src/build/my_robot_description/build/lib/my_robot_description
[0.607s] copying my_robot_description/swerve_controller.py -> /home/pranav/ros2_ws/src/build/my_robot_description/build/lib/my_robot_description
[0.607s] running install
[0.608s] running install_lib
[0.608s] creating /home/pranav/ros2_ws/src/install/my_robot_description/lib/python3.10/site-packages/my_robot_description
[0.608s] copying /home/pranav/ros2_ws/src/build/my_robot_description/build/lib/my_robot_description/__init__.py -> /home/pranav/ros2_ws/src/install/my_robot_description/lib/python3.10/site-packages/my_robot_description
[0.608s] copying /home/pranav/ros2_ws/src/build/my_robot_description/build/lib/my_robot_description/swerve_controller.py -> /home/pranav/ros2_ws/src/install/my_robot_description/lib/python3.10/site-packages/my_robot_description
[0.608s] byte-compiling /home/pranav/ros2_ws/src/install/my_robot_description/lib/python3.10/site-packages/my_robot_description/__init__.py to __init__.cpython-310.pyc
[0.608s] byte-compiling /home/pranav/ros2_ws/src/install/my_robot_description/lib/python3.10/site-packages/my_robot_description/swerve_controller.py to swerve_controller.cpython-310.pyc
[0.608s] running install_data
[0.608s] creating /home/pranav/ros2_ws/src/install/my_robot_description/share/ament_index
[0.608s] creating /home/pranav/ros2_ws/src/install/my_robot_description/share/ament_index/resource_index
[0.608s] creating /home/pranav/ros2_ws/src/install/my_robot_description/share/ament_index/resource_index/packages
[0.608s] copying resource/my_robot_description -> /home/pranav/ros2_ws/src/install/my_robot_description/share/ament_index/resource_index/packages
[0.608s] copying package.xml -> /home/pranav/ros2_ws/src/install/my_robot_description/share/my_robot_description
[0.608s] creating /home/pranav/ros2_ws/src/install/my_robot_description/share/my_robot_description/launch
[0.608s] copying launch/display.launch.py -> /home/pranav/ros2_ws/src/install/my_robot_description/share/my_robot_description/launch
[0.608s] creating /home/pranav/ros2_ws/src/install/my_robot_description/share/my_robot_description/urdf
[0.608s] copying urdf/my_robot.urdf.xacro -> /home/pranav/ros2_ws/src/install/my_robot_description/share/my_robot_description/urdf
[0.608s] copying urdf/common_properties.xacro -> /home/pranav/ros2_ws/src/install/my_robot_description/share/my_robot_description/urdf
[0.609s] copying urdf/mobile_base.xacro -> /home/pranav/ros2_ws/src/install/my_robot_description/share/my_robot_description/urdf
[0.609s] creating /home/pranav/ros2_ws/src/install/my_robot_description/share/my_robot_description/config
[0.609s] copying config/controllers.yaml -> /home/pranav/ros2_ws/src/install/my_robot_description/share/my_robot_description/config
[0.609s] creating /home/pranav/ros2_ws/src/install/my_robot_description/share/my_robot_description/rviz
[0.609s] copying rviz/urdf_config.rviz -> /home/pranav/ros2_ws/src/install/my_robot_description/share/my_robot_description/rviz
[0.609s] running install_egg_info
[0.609s] Copying ../build/my_robot_description/my_robot_description.egg-info to /home/pranav/ros2_ws/src/install/my_robot_description/lib/python3.10/site-packages/my_robot_description-0.0.0-py3.10.egg-info
[0.610s] running install_scripts
[0.618s] Installing swerve_controller script to /home/pranav/ros2_ws/src/install/my_robot_description/lib/my_robot_description
[0.618s] writing list of installed files to '/home/pranav/ros2_ws/src/build/my_robot_description/install.log'
[0.636s] Invoked command in '/home/pranav/ros2_ws/src/my_robot_description' returned '0': PYTHONPATH=/home/pranav/ros2_ws/src/build/my_robot_description/prefix_override:/usr/lib/python3/dist-packages/colcon_core/task/python/colcon_distutils_commands:/home/pranav/ros2_ws/src/install/my_robot_description/lib/python3.10/site-packages:${PYTHONPATH} /usr/bin/python3 -W ignore:setup.py install is deprecated -W ignore:easy_install command is deprecated setup.py egg_info --egg-base ../build/my_robot_description build --build-base /home/pranav/ros2_ws/src/build/my_robot_description/build install --record /home/pranav/ros2_ws/src/build/my_robot_description/install.log --single-version-externally-managed install_data
