running egg_info
creating ../build/my_robot/my_robot.egg-info
writing ../build/my_robot/my_robot.egg-info/PKG-INFO
writing dependency_links to ../build/my_robot/my_robot.egg-info/dependency_links.txt
writing entry points to ../build/my_robot/my_robot.egg-info/entry_points.txt
writing requirements to ../build/my_robot/my_robot.egg-info/requires.txt
writing top-level names to ../build/my_robot/my_robot.egg-info/top_level.txt
writing manifest file '../build/my_robot/my_robot.egg-info/SOURCES.txt'
reading manifest file '../build/my_robot/my_robot.egg-info/SOURCES.txt'
writing manifest file '../build/my_robot/my_robot.egg-info/SOURCES.txt'
running build
running install
running install_data
creating /home/pranav/ros2_ws/src/install/my_robot/share/ament_index
creating /home/pranav/ros2_ws/src/install/my_robot/share/ament_index/resource_index
creating /home/pranav/ros2_ws/src/install/my_robot/share/ament_index/resource_index/packages
copying resource/my_robot -> /home/pranav/ros2_ws/src/install/my_robot/share/ament_index/resource_index/packages
copying package.xml -> /home/pranav/ros2_ws/src/install/my_robot/share/my_robot
creating /home/pranav/ros2_ws/src/install/my_robot/share/my_robot/launch
copying launch/ekf_launch.py -> /home/pranav/ros2_ws/src/install/my_robot/share/my_robot/launch
creating /home/pranav/ros2_ws/src/install/my_robot/share/my_robot/config
copying config/ekf.yaml -> /home/pranav/ros2_ws/src/install/my_robot/share/my_robot/config
running install_egg_info
Copying ../build/my_robot/my_robot.egg-info to /home/pranav/ros2_ws/src/install/my_robot/lib/python3.10/site-packages/my_robot-0.0.1-py3.10.egg-info
running install_scripts
writing list of installed files to '/home/pranav/ros2_ws/src/build/my_robot/install.log'
